TN:
SF:src/index.ts
FN:10,(anonymous_1)
FN:15,(anonymous_2)
FN:21,start
FNF:3
FNH:0
FNDA:0,(anonymous_1)
FNDA:0,(anonymous_2)
FNDA:0,start
DA:1,0
DA:2,0
DA:3,0
DA:4,0
DA:7,0
DA:10,0
DA:11,0
DA:12,0
DA:15,0
DA:16,0
DA:22,0
DA:24,0
DA:28,0
DA:29,0
DA:31,0
DA:32,0
DA:37,0
LF:17
LH:0
BRDA:16,0,0,0
BRDA:16,0,1,0
BRDA:24,1,0,0
BRDA:24,1,1,0
BRDA:31,2,0,0
BRDA:31,2,1,0
BRF:6
BRH:0
end_of_record
TN:
SF:src/api/linkedin.ts
FN:17,(anonymous_1)
FN:27,(anonymous_2)
FN:37,(anonymous_3)
FN:47,(anonymous_4)
FNF:4
FNH:0
FNDA:0,(anonymous_1)
FNDA:0,(anonymous_2)
FNDA:0,(anonymous_3)
FNDA:0,(anonymous_4)
DA:6,0
DA:12,0
DA:18,0
DA:19,0
DA:20,0
DA:29,0
DA:30,0
DA:39,0
DA:49,0
LF:9
LH:0
BRF:0
BRH:0
end_of_record
TN:
SF:src/mcp/capabilities.ts
FN:14,(anonymous_1)
FN:24,(anonymous_2)
FN:32,(anonymous_3)
FN:36,(anonymous_4)
FN:48,(anonymous_5)
FNF:5
FNH:0
FNDA:0,(anonymous_1)
FNDA:0,(anonymous_2)
FNDA:0,(anonymous_3)
FNDA:0,(anonymous_4)
FNDA:0,(anonymous_5)
DA:2,0
DA:3,0
DA:4,0
DA:10,0
DA:15,0
DA:16,0
DA:25,0
DA:27,0
DA:29,0
DA:32,0
DA:33,0
DA:34,0
DA:36,0
DA:37,0
DA:40,0
DA:44,0
DA:47,0
DA:48,0
DA:51,0
DA:56,0
DA:58,0
LF:21
LH:0
BRDA:16,0,0,0
BRDA:16,0,1,0
BRDA:34,1,0,0
BRDA:34,1,1,0
BRDA:44,2,0,0
BRDA:44,2,1,0
BRF:6
BRH:0
end_of_record
TN:
SF:src/mcp/middleware.ts
FN:10,(anonymous_1)
FN:20,errorHandler
FN:50,requestLogger
FN:66,(anonymous_4)
FNF:4
FNH:4
FNDA:1,(anonymous_1)
FNDA:1,errorHandler
FNDA:4,requestLogger
FNDA:4,(anonymous_4)
DA:2,1
DA:7,1
DA:11,1
DA:12,1
DA:13,1
DA:20,1
DA:27,1
DA:28,1
DA:31,1
DA:38,1
DA:50,1
DA:55,4
DA:58,4
DA:66,4
DA:67,4
DA:68,4
DA:76,4
LF:17
LH:17
BRDA:10,0,0,0
BRDA:27,1,0,1
BRDA:27,1,1,0
BRDA:28,2,0,1
BRDA:28,2,1,0
BRDA:33,3,0,1
BRDA:33,3,1,1
BRDA:34,4,0,1
BRDA:34,4,1,1
BRDA:42,5,0,1
BRDA:42,5,1,0
BRDA:59,6,0,4
BRDA:59,6,1,4
BRDA:60,7,0,4
BRDA:60,7,1,4
BRDA:69,8,0,4
BRDA:69,8,1,4
BRDA:70,9,0,4
BRDA:70,9,1,4
BRF:19
BRH:15
end_of_record
TN:
SF:src/mcp/server.ts
FN:20,(anonymous_1)
FN:25,(anonymous_2)
FN:38,(anonymous_3)
FN:87,startServer
FN:88,(anonymous_5)
FN:89,(anonymous_6)
FN:95,(anonymous_7)
FNF:7
FNH:3
FNDA:1,(anonymous_1)
FNDA:1,(anonymous_2)
FNDA:2,(anonymous_3)
FNDA:0,startServer
FNDA:0,(anonymous_5)
FNDA:0,(anonymous_6)
FNDA:0,(anonymous_7)
DA:1,1
DA:2,1
DA:3,1
DA:6,1
DA:7,1
DA:8,1
DA:11,1
DA:14,1
DA:15,1
DA:16,1
DA:17,1
DA:20,1
DA:21,1
DA:25,1
DA:26,1
DA:28,1
DA:29,1
DA:33,1
DA:34,1
DA:38,1
DA:39,2
DA:40,2
DA:43,2
DA:44,1
DA:45,1
DA:48,1
DA:56,1
DA:65,1
DA:66,1
DA:69,1
DA:70,1
DA:71,0
DA:72,0
DA:74,0
DA:80,1
DA:87,1
DA:88,0
DA:89,0
DA:90,0
DA:91,0
DA:95,0
DA:96,0
DA:102,1
LF:43
LH:34
BRDA:43,0,0,1
BRDA:69,1,0,1
BRDA:69,1,1,0
BRDA:71,2,0,0
BRDA:71,2,1,0
BRF:5
BRH:2
end_of_record
TN:
SF:src/utils/logger.ts
FN:15,(anonymous_1)
FN:24,(anonymous_2)
FN:35,(anonymous_3)
FN:49,(anonymous_4)
FN:60,(anonymous_5)
FN:71,(anonymous_6)
FN:83,(anonymous_7)
FNF:7
FNH:7
FNDA:1,(anonymous_1)
FNDA:14,(anonymous_2)
FNDA:12,(anonymous_3)
FNDA:2,(anonymous_4)
FNDA:10,(anonymous_5)
FNDA:1,(anonymous_6)
FNDA:1,(anonymous_7)
DA:1,1
DA:5,1
DA:16,1
DA:25,14
DA:36,12
DA:50,2
DA:51,0
DA:61,10
DA:62,10
DA:72,1
DA:73,1
DA:84,1
DA:85,1
DA:102,1
DA:104,1
LF:15
LH:14
BRDA:16,0,0,1
BRDA:16,0,1,1
BRDA:40,1,0,12
BRDA:40,1,1,1
BRDA:50,2,0,0
BRDA:61,3,0,10
BRDA:72,4,0,1
BRDA:84,5,0,1
BRDA:88,6,0,1
BRDA:88,6,1,0
BRDA:89,7,0,1
BRDA:89,7,1,0
BRF:12
BRH:9
end_of_record
TN:
SF:src/utils/typespec-reader.ts
FN:13,(anonymous_1)
FN:21,(anonymous_2)
FN:26,(anonymous_3)
FN:27,(anonymous_4)
FN:39,(anonymous_5)
FNF:5
FNH:0
FNDA:0,(anonymous_1)
FNDA:0,(anonymous_2)
FNDA:0,(anonymous_3)
FNDA:0,(anonymous_4)
FNDA:0,(anonymous_5)
DA:1,0
DA:2,0
DA:3,0
DA:10,0
DA:14,0
DA:22,0
DA:23,0
DA:24,0
DA:25,0
DA:26,0
DA:27,0
DA:30,0
DA:32,0
DA:40,0
DA:41,0
DA:44,0
DA:45,0
DA:46,0
DA:47,0
DA:51,0
DA:52,0
DA:59,0
DA:63,0
LF:23
LH:0
BRDA:14,0,0,0
BRDA:14,0,1,0
BRDA:24,1,0,0
BRDA:30,2,0,0
BRDA:30,2,1,0
BRDA:51,3,0,0
BRDA:59,4,0,0
BRDA:59,4,1,0
BRF:8
BRH:0
end_of_record
